Theory/Quiz/Quiz03/uniclubz - Copy (2)/app/build/intermediates/manifest_merge_blame_file/debug/manifest-merger-blame-debug-report.txt
1<?xml version="1.0" encoding="utf-8"?>
2<manifest xmlns:android="http://schemas.android.com/apk/res/android"
3    package="com.example.quiz3uniclubz"
4    android:versionCode="1"
5    android:versionName="1.0" >
6
7    <uses-sdk
8        android:minSdkVersion="30"
8-->src\main\AndroidManifest.xml
9        android:targetSdkVersion="30" />
9-->src\main\AndroidManifest.xml
10
11    <application
11-->src\main\AndroidManifest.xml:5:5-30:19
12        android:allowBackup="true"
12-->src\main\AndroidManifest.xml:6:9-35
13        android:appComponentFactory="androidx.core.app.CoreComponentFactory"
13-->[androidx.core:core:1.5.0] AndroidManifest.xml:24:18-86
14        android:debuggable="true"
15        android:extractNativeLibs="false"
16        android:icon="@mipmap/ic_launcher"
16-->src\main\AndroidManifest.xml:7:9-43
17        android:label="@string/app_name"
17-->src\main\AndroidManifest.xml:8:9-41
18        android:roundIcon="@mipmap/ic_launcher_round"
18-->src\main\AndroidManifest.xml:9:9-54
19        android:supportsRtl="true"
19-->src\main\AndroidManifest.xml:10:9-35
20        android:testOnly="true"
21        android:theme="@style/Theme.Quiz3UNICLUBz" >
21-->src\main\AndroidManifest.xml:11:9-51
22        <activity
22-->src\main\AndroidManifest.xml:12:9-14:39
23            android:name="com.example.quiz3uniclubz.afterclick"
23-->src\main\AndroidManifest.xml:13:13-39
24            android:exported="true" />
24-->src\main\AndroidManifest.xml:14:13-36
25        <activity
25-->src\main\AndroidManifest.xml:15:9-17:39
26            android:name="com.example.quiz3uniclubz.Recyclevi2"
26-->src\main\AndroidManifest.xml:16:13-39
27            android:exported="true" />
27-->src\main\AndroidManifest.xml:17:13-36
28        <activity
28-->src\main\AndroidManifest.xml:18:9-20:39
29            android:name="com.example.quiz3uniclubz.Recyclevi"
29-->src\main\AndroidManifest.xml:19:13-38
30            android:exported="true" />
30-->src\main\AndroidManifest.xml:20:13-36
31        <activity
31-->src\main\AndroidManifest.xml:21:9-29:20
32            android:name="com.example.quiz3uniclubz.MainActivity"
32-->src\main\AndroidManifest.xml:22:13-41
33            android:exported="true" >
33-->src\main\AndroidManifest.xml:23:13-36
34            <intent-filter>
34-->src\main\AndroidManifest.xml:24:13-28:29
35                <action android:name="android.intent.action.MAIN" />
35-->src\main\AndroidManifest.xml:25:17-69
35-->src\main\AndroidManifest.xml:25:25-66
36
37                <category android:name="android.intent.category.LAUNCHER" />
37-->src\main\AndroidManifest.xml:27:17-77
37-->src\main\AndroidManifest.xml:27:27-74
38            </intent-filter>
39        </activity>
40
41        <provider
41-->[androidx.lifecycle:lifecycle-process:2.0.0] AndroidManifest.xml:23:9-27:43
42            android:name="androidx.lifecycle.ProcessLifecycleOwnerInitializer"
42-->[androidx.lifecycle:lifecycle-process:2.0.0] AndroidManifest.xml:24:13-79
43            android:authorities="com.example.quiz3uniclubz.lifecycle-process"
43-->[androidx.lifecycle:lifecycle-process:2.0.0] AndroidManifest.xml:25:13-69
44            android:exported="false"
44-->[androidx.lifecycle:lifecycle-process:2.0.0] AndroidManifest.xml:26:13-37
45            android:multiprocess="true" />
45-->[androidx.lifecycle:lifecycle-process:2.0.0] AndroidManifest.xml:27:13-40
46    </application>
47
48</manifest>